[INFO] [14:31:40.531] [JavaFX Application Thread] [] com.zzg.mybatis.generator.util.ConnectionManager.getConnection:20 --> database FilePath :D:\workplace\oa\oa-system6.0\.\config\sqlite3.db
[INFO] [14:32:18.384] [JavaFX Application Thread] [] com.zzg.mybatis.generator.util.ConnectionManager.getConnection:20 --> database FilePath :D:\workplace\oa\oa-system6.0\.\config\sqlite3.db
[INFO] [14:32:18.387] [JavaFX Application Thread] [] com.zzg.mybatis.generator.util.ConfigHelper.loadGeneratorConfigs:182 --> sql: SELECT * FROM generator_config
[INFO] [14:32:19.715] [JavaFX Application Thread] [] com.zzg.mybatis.generator.util.ConnectionManager.getConnection:20 --> database FilePath :D:\workplace\oa\oa-system6.0\.\config\sqlite3.db
[INFO] [14:32:19.719] [JavaFX Application Thread] [] com.zzg.mybatis.generator.util.ConfigHelper.loadGeneratorConfig:159 --> sql: SELECT * FROM generator_config where name='oa'
[INFO] [14:33:07.115] [JavaFX Application Thread] [] com.zzg.mybatis.generator.util.ConfigHelper.getAllJDBCDriverJarPaths:238 --> jar lib path: D:\workplace\oa\oa-system6.0\src\main\resources\lib
[INFO] [14:33:07.117] [JavaFX Application Thread] [] com.zzg.mybatis.generator.util.DbUtil.loadDbDriver:228 --> load driver class: com.mysql.jdbc.Driver@2a80d326
[INFO] [14:33:07.118] [JavaFX Application Thread] [] com.zzg.mybatis.generator.util.DbUtil.getConnectionUrlWithSchema:214 --> getConnectionUrlWithSchema, connection url: jdbc:mysql://localhost:3306/ssm?useUnicode=true&useSSL=false&characterEncoding=utf8
[INFO] [14:33:07.439] [JavaFX Application Thread] [] com.zzg.mybatis.generator.util.DbUtil.getConnection:139 --> getConnection, connection url: com.mysql.cj.jdbc.ConnectionImpl@41cc81c9
[INFO] [14:33:10.866] [JavaFX Application Thread] [] com.zzg.mybatis.generator.util.ConnectionManager.getConnection:20 --> database FilePath :D:\workplace\oa\oa-system6.0\.\config\sqlite3.db
[INFO] [14:33:10.919] [JavaFX Application Thread] [] com.zzg.mybatis.generator.util.ConnectionManager.getConnection:20 --> database FilePath :D:\workplace\oa\oa-system6.0\.\config\sqlite3.db
[INFO] [14:33:12.732] [JavaFX Application Thread] [] com.zzg.mybatis.generator.util.DbUtil.getConnectionUrlWithSchema:214 --> getConnectionUrlWithSchema, connection url: jdbc:mysql://localhost:3306/ssm?useUnicode=true&useSSL=false&characterEncoding=utf8
[INFO] [14:33:12.737] [JavaFX Application Thread] [] com.zzg.mybatis.generator.util.DbUtil.getConnection:139 --> getConnection, connection url: com.mysql.cj.jdbc.ConnectionImpl@5154ef4e
[INFO] [14:34:28.574] [JavaFX Application Thread] [] com.zzg.mybatis.generator.controller.MainUIController.saveGeneratorConfig:365 --> user choose name: oa6.0
[INFO] [14:34:28.575] [JavaFX Application Thread] [] com.zzg.mybatis.generator.util.ConnectionManager.getConnection:20 --> database FilePath :D:\workplace\oa\oa-system6.0\.\config\sqlite3.db
[INFO] [14:34:28.577] [JavaFX Application Thread] [] com.zzg.mybatis.generator.util.ConfigHelper.deleteGeneratorConfig:204 --> sql: DELETE FROM generator_config where name='oa6.0'
[INFO] [14:34:28.579] [JavaFX Application Thread] [] com.zzg.mybatis.generator.util.ConnectionManager.getConnection:20 --> database FilePath :D:\workplace\oa\oa-system6.0\.\config\sqlite3.db
[INFO] [14:34:36.529] [JavaFX Application Thread] [] com.zzg.mybatis.generator.util.ConfigHelper.findConnectorLibPath:215 --> jar resource: file:/D:/DevelopmentTool/mybatis/mybatis-generator-gui-master/target/classes/logback.xml
[INFO] [14:34:36.532] [JavaFX Application Thread] [] com.zzg.mybatis.generator.bridge.MybatisGeneratorBridge.generate:66 --> connectorLibPath: D:\DevelopmentTool\mybatis\mybatis-generator-gui-master\target\classes\lib\mysql-connector-java-5.1.38.jar
[INFO] [14:34:36.537] [JavaFX Application Thread] [] com.zzg.mybatis.generator.util.DbUtil.getConnectionUrlWithSchema:214 --> getConnectionUrlWithSchema, connection url: jdbc:mysql://localhost:3306/ssm?useUnicode=true&useSSL=false&characterEncoding=utf8
[DEBUG] [14:34:36.590] [JavaFX Application Thread] [] org.mybatis.generator.logging.LogFactory.setImplementation:105 --> Logging initialized using 'org.mybatis.generator.logging.slf4j.Slf4jLoggingLogFactory@2f901d5e' adapter.
[DEBUG] [14:34:36.594] [JavaFX Application Thread] [] org.mybatis.generator.internal.db.DatabaseIntrospector.getColumns:506 --> Retrieving column information for table "ssm.account"
[DEBUG] [14:34:36.730] [JavaFX Application Thread] [] org.mybatis.generator.internal.db.DatabaseIntrospector.getColumns:563 --> Found column "id", data type 4, in table "ssm..account"
[DEBUG] [14:34:36.731] [JavaFX Application Thread] [] org.mybatis.generator.internal.db.DatabaseIntrospector.getColumns:563 --> Found column "login_name", data type 12, in table "ssm..account"
[DEBUG] [14:34:36.732] [JavaFX Application Thread] [] org.mybatis.generator.internal.db.DatabaseIntrospector.getColumns:563 --> Found column "location", data type 12, in table "ssm..account"
[DEBUG] [14:34:36.732] [JavaFX Application Thread] [] org.mybatis.generator.internal.db.DatabaseIntrospector.getColumns:563 --> Found column "nick_name", data type 12, in table "ssm..account"
[DEBUG] [14:34:36.733] [JavaFX Application Thread] [] org.mybatis.generator.internal.db.DatabaseIntrospector.getColumns:563 --> Found column "age", data type 4, in table "ssm..account"
[DEBUG] [14:34:36.734] [JavaFX Application Thread] [] org.mybatis.generator.internal.db.DatabaseIntrospector.getColumns:563 --> Found column "role", data type 12, in table "ssm..account"
[DEBUG] [14:34:36.734] [JavaFX Application Thread] [] org.mybatis.generator.internal.db.DatabaseIntrospector.getColumns:563 --> Found column "password", data type 12, in table "ssm..account"
[INFO] [14:35:32.364] [JavaFX Application Thread] [] com.zzg.mybatis.generator.util.ConfigHelper.findConnectorLibPath:215 --> jar resource: file:/D:/DevelopmentTool/mybatis/mybatis-generator-gui-master/target/classes/logback.xml
[INFO] [14:35:32.367] [JavaFX Application Thread] [] com.zzg.mybatis.generator.bridge.MybatisGeneratorBridge.generate:66 --> connectorLibPath: D:\DevelopmentTool\mybatis\mybatis-generator-gui-master\target\classes\lib\mysql-connector-java-5.1.38.jar
[INFO] [14:35:32.368] [JavaFX Application Thread] [] com.zzg.mybatis.generator.util.DbUtil.getConnectionUrlWithSchema:214 --> getConnectionUrlWithSchema, connection url: jdbc:mysql://localhost:3306/ssm?useUnicode=true&useSSL=false&characterEncoding=utf8
[DEBUG] [14:35:32.377] [JavaFX Application Thread] [] org.mybatis.generator.internal.db.DatabaseIntrospector.getColumns:506 --> Retrieving column information for table "ssm.menu"
[DEBUG] [14:35:32.383] [JavaFX Application Thread] [] org.mybatis.generator.internal.db.DatabaseIntrospector.getColumns:563 --> Found column "id", data type 4, in table "ssm..menu"
[DEBUG] [14:35:32.384] [JavaFX Application Thread] [] org.mybatis.generator.internal.db.DatabaseIntrospector.getColumns:563 --> Found column "name", data type 12, in table "ssm..menu"
[DEBUG] [14:35:32.385] [JavaFX Application Thread] [] org.mybatis.generator.internal.db.DatabaseIntrospector.getColumns:563 --> Found column "role", data type 12, in table "ssm..menu"
[INFO] [14:35:49.828] [JavaFX Application Thread] [] com.zzg.mybatis.generator.util.ConfigHelper.findConnectorLibPath:215 --> jar resource: file:/D:/DevelopmentTool/mybatis/mybatis-generator-gui-master/target/classes/logback.xml
[INFO] [14:35:49.828] [JavaFX Application Thread] [] com.zzg.mybatis.generator.bridge.MybatisGeneratorBridge.generate:66 --> connectorLibPath: D:\DevelopmentTool\mybatis\mybatis-generator-gui-master\target\classes\lib\mysql-connector-java-5.1.38.jar
[INFO] [14:35:49.829] [JavaFX Application Thread] [] com.zzg.mybatis.generator.util.DbUtil.getConnectionUrlWithSchema:214 --> getConnectionUrlWithSchema, connection url: jdbc:mysql://localhost:3306/ssm?useUnicode=true&useSSL=false&characterEncoding=utf8
[DEBUG] [14:35:49.837] [JavaFX Application Thread] [] org.mybatis.generator.internal.db.DatabaseIntrospector.getColumns:506 --> Retrieving column information for table "ssm.permission"
[DEBUG] [14:35:49.844] [JavaFX Application Thread] [] org.mybatis.generator.internal.db.DatabaseIntrospector.getColumns:563 --> Found column "id", data type 4, in table "ssm..permission"
[DEBUG] [14:35:49.845] [JavaFX Application Thread] [] org.mybatis.generator.internal.db.DatabaseIntrospector.getColumns:563 --> Found column "uri", data type 12, in table "ssm..permission"
[DEBUG] [14:35:49.846] [JavaFX Application Thread] [] org.mybatis.generator.internal.db.DatabaseIntrospector.getColumns:563 --> Found column "name", data type 12, in table "ssm..permission"
[DEBUG] [14:35:49.847] [JavaFX Application Thread] [] org.mybatis.generator.internal.db.DatabaseIntrospector.getColumns:563 --> Found column "c", data type -7, in table "ssm..permission"
[DEBUG] [14:35:49.848] [JavaFX Application Thread] [] org.mybatis.generator.internal.db.DatabaseIntrospector.getColumns:563 --> Found column "r", data type -7, in table "ssm..permission"
[DEBUG] [14:35:49.849] [JavaFX Application Thread] [] org.mybatis.generator.internal.db.DatabaseIntrospector.getColumns:563 --> Found column "u", data type -7, in table "ssm..permission"
[DEBUG] [14:35:49.850] [JavaFX Application Thread] [] org.mybatis.generator.internal.db.DatabaseIntrospector.getColumns:563 --> Found column "d", data type -7, in table "ssm..permission"
[INFO] [14:36:02.641] [JavaFX Application Thread] [] com.zzg.mybatis.generator.util.ConfigHelper.findConnectorLibPath:215 --> jar resource: file:/D:/DevelopmentTool/mybatis/mybatis-generator-gui-master/target/classes/logback.xml
[INFO] [14:36:02.644] [JavaFX Application Thread] [] com.zzg.mybatis.generator.bridge.MybatisGeneratorBridge.generate:66 --> connectorLibPath: D:\DevelopmentTool\mybatis\mybatis-generator-gui-master\target\classes\lib\mysql-connector-java-5.1.38.jar
[INFO] [14:36:02.645] [JavaFX Application Thread] [] com.zzg.mybatis.generator.util.DbUtil.getConnectionUrlWithSchema:214 --> getConnectionUrlWithSchema, connection url: jdbc:mysql://localhost:3306/ssm?useUnicode=true&useSSL=false&characterEncoding=utf8
[DEBUG] [14:36:02.652] [JavaFX Application Thread] [] org.mybatis.generator.internal.db.DatabaseIntrospector.getColumns:506 --> Retrieving column information for table "ssm.role"
[DEBUG] [14:36:02.662] [JavaFX Application Thread] [] org.mybatis.generator.internal.db.DatabaseIntrospector.getColumns:563 --> Found column "id", data type 4, in table "ssm..role"
[DEBUG] [14:36:02.663] [JavaFX Application Thread] [] org.mybatis.generator.internal.db.DatabaseIntrospector.getColumns:563 --> Found column "role", data type 12, in table "ssm..role"
[DEBUG] [14:36:02.664] [JavaFX Application Thread] [] org.mybatis.generator.internal.db.DatabaseIntrospector.getColumns:563 --> Found column "name", data type 12, in table "ssm..role"
[INFO] [14:55:12.626] [JavaFX Application Thread] [] com.zzg.mybatis.generator.util.ConnectionManager.getConnection:20 --> database FilePath :D:\workplace\oa\oa-system6.0\.\config\sqlite3.db
[INFO] [14:55:18.160] [JavaFX Application Thread] [] com.zzg.mybatis.generator.util.ConfigHelper.getAllJDBCDriverJarPaths:238 --> jar lib path: D:\workplace\oa\oa-system6.0\src\main\resources\lib
[INFO] [14:55:18.162] [JavaFX Application Thread] [] com.zzg.mybatis.generator.util.DbUtil.loadDbDriver:228 --> load driver class: com.mysql.jdbc.Driver@564d1426
[INFO] [14:55:18.163] [JavaFX Application Thread] [] com.zzg.mybatis.generator.util.DbUtil.getConnectionUrlWithSchema:214 --> getConnectionUrlWithSchema, connection url: jdbc:mysql://localhost:3306/account?useUnicode=true&useSSL=false&characterEncoding=utf8
[INFO] [14:55:18.486] [JavaFX Application Thread] [] com.zzg.mybatis.generator.util.DbUtil.getConnection:139 --> getConnection, connection url: com.mysql.cj.jdbc.ConnectionImpl@33ab413e
[INFO] [14:55:20.733] [JavaFX Application Thread] [] com.zzg.mybatis.generator.util.DbUtil.getConnectionUrlWithSchema:214 --> getConnectionUrlWithSchema, connection url: jdbc:mysql://localhost:3306/ssm?useUnicode=true&useSSL=false&characterEncoding=utf8
[INFO] [14:55:20.740] [JavaFX Application Thread] [] com.zzg.mybatis.generator.util.DbUtil.getConnection:139 --> getConnection, connection url: com.mysql.cj.jdbc.ConnectionImpl@45495522
[INFO] [14:55:41.482] [JavaFX Application Thread] [] com.zzg.mybatis.generator.util.ConnectionManager.getConnection:20 --> database FilePath :D:\workplace\oa\oa-system6.0\.\config\sqlite3.db
[INFO] [14:55:41.484] [JavaFX Application Thread] [] com.zzg.mybatis.generator.util.ConfigHelper.loadGeneratorConfigs:182 --> sql: SELECT * FROM generator_config
[INFO] [14:55:43.461] [JavaFX Application Thread] [] com.zzg.mybatis.generator.util.ConnectionManager.getConnection:20 --> database FilePath :D:\workplace\oa\oa-system6.0\.\config\sqlite3.db
[INFO] [14:55:43.462] [JavaFX Application Thread] [] com.zzg.mybatis.generator.util.ConfigHelper.loadGeneratorConfig:159 --> sql: SELECT * FROM generator_config where name='oa6.0'
[INFO] [14:56:17.305] [JavaFX Application Thread] [] com.zzg.mybatis.generator.controller.MainUIController.saveGeneratorConfig:365 --> user choose name: oa6.0
[INFO] [14:56:17.306] [JavaFX Application Thread] [] com.zzg.mybatis.generator.util.ConnectionManager.getConnection:20 --> database FilePath :D:\workplace\oa\oa-system6.0\.\config\sqlite3.db
[INFO] [14:56:17.308] [JavaFX Application Thread] [] com.zzg.mybatis.generator.util.ConfigHelper.deleteGeneratorConfig:204 --> sql: DELETE FROM generator_config where name='oa6.0'
[INFO] [14:56:17.316] [JavaFX Application Thread] [] com.zzg.mybatis.generator.util.ConnectionManager.getConnection:20 --> database FilePath :D:\workplace\oa\oa-system6.0\.\config\sqlite3.db
[INFO] [14:56:25.356] [JavaFX Application Thread] [] com.zzg.mybatis.generator.util.ConfigHelper.findConnectorLibPath:215 --> jar resource: file:/D:/DevelopmentTool/mybatis/mybatis-generator-gui-master/target/classes/logback.xml
[INFO] [14:56:25.359] [JavaFX Application Thread] [] com.zzg.mybatis.generator.bridge.MybatisGeneratorBridge.generate:66 --> connectorLibPath: D:\DevelopmentTool\mybatis\mybatis-generator-gui-master\target\classes\lib\mysql-connector-java-5.1.38.jar
[INFO] [14:56:25.365] [JavaFX Application Thread] [] com.zzg.mybatis.generator.util.DbUtil.getConnectionUrlWithSchema:214 --> getConnectionUrlWithSchema, connection url: jdbc:mysql://localhost:3306/ssm?useUnicode=true&useSSL=false&characterEncoding=utf8
[DEBUG] [14:56:25.428] [JavaFX Application Thread] [] org.mybatis.generator.logging.LogFactory.setImplementation:105 --> Logging initialized using 'org.mybatis.generator.logging.slf4j.Slf4jLoggingLogFactory@21bb8808' adapter.
[DEBUG] [14:56:25.431] [JavaFX Application Thread] [] org.mybatis.generator.internal.db.DatabaseIntrospector.getColumns:506 --> Retrieving column information for table "ssm.account"
[DEBUG] [14:56:25.470] [JavaFX Application Thread] [] org.mybatis.generator.internal.db.DatabaseIntrospector.getColumns:563 --> Found column "id", data type 4, in table "ssm..account"
[DEBUG] [14:56:25.471] [JavaFX Application Thread] [] org.mybatis.generator.internal.db.DatabaseIntrospector.getColumns:563 --> Found column "login_name", data type 12, in table "ssm..account"
[DEBUG] [14:56:25.471] [JavaFX Application Thread] [] org.mybatis.generator.internal.db.DatabaseIntrospector.getColumns:563 --> Found column "image", data type 12, in table "ssm..account"
[DEBUG] [14:56:25.472] [JavaFX Application Thread] [] org.mybatis.generator.internal.db.DatabaseIntrospector.getColumns:563 --> Found column "nick_name", data type 12, in table "ssm..account"
[DEBUG] [14:56:25.473] [JavaFX Application Thread] [] org.mybatis.generator.internal.db.DatabaseIntrospector.getColumns:563 --> Found column "age", data type 4, in table "ssm..account"
[DEBUG] [14:56:25.474] [JavaFX Application Thread] [] org.mybatis.generator.internal.db.DatabaseIntrospector.getColumns:563 --> Found column "role", data type 12, in table "ssm..account"
[DEBUG] [14:56:25.475] [JavaFX Application Thread] [] org.mybatis.generator.internal.db.DatabaseIntrospector.getColumns:563 --> Found column "password", data type 12, in table "ssm..account"
[INFO] [14:56:33.260] [JavaFX Application Thread] [] com.zzg.mybatis.generator.util.ConfigHelper.findConnectorLibPath:215 --> jar resource: file:/D:/DevelopmentTool/mybatis/mybatis-generator-gui-master/target/classes/logback.xml
[INFO] [14:56:33.261] [JavaFX Application Thread] [] com.zzg.mybatis.generator.bridge.MybatisGeneratorBridge.generate:66 --> connectorLibPath: D:\DevelopmentTool\mybatis\mybatis-generator-gui-master\target\classes\lib\mysql-connector-java-5.1.38.jar
[INFO] [14:56:33.262] [JavaFX Application Thread] [] com.zzg.mybatis.generator.util.DbUtil.getConnectionUrlWithSchema:214 --> getConnectionUrlWithSchema, connection url: jdbc:mysql://localhost:3306/ssm?useUnicode=true&useSSL=false&characterEncoding=utf8
[DEBUG] [14:56:33.272] [JavaFX Application Thread] [] org.mybatis.generator.internal.db.DatabaseIntrospector.getColumns:506 --> Retrieving column information for table "ssm.menu"
[DEBUG] [14:56:33.281] [JavaFX Application Thread] [] org.mybatis.generator.internal.db.DatabaseIntrospector.getColumns:563 --> Found column "id", data type 4, in table "ssm..menu"
[DEBUG] [14:56:33.282] [JavaFX Application Thread] [] org.mybatis.generator.internal.db.DatabaseIntrospector.getColumns:563 --> Found column "name", data type 12, in table "ssm..menu"
[DEBUG] [14:56:33.283] [JavaFX Application Thread] [] org.mybatis.generator.internal.db.DatabaseIntrospector.getColumns:563 --> Found column "role", data type 12, in table "ssm..menu"
[INFO] [14:56:41.105] [JavaFX Application Thread] [] com.zzg.mybatis.generator.util.ConfigHelper.findConnectorLibPath:215 --> jar resource: file:/D:/DevelopmentTool/mybatis/mybatis-generator-gui-master/target/classes/logback.xml
[INFO] [14:56:41.105] [JavaFX Application Thread] [] com.zzg.mybatis.generator.bridge.MybatisGeneratorBridge.generate:66 --> connectorLibPath: D:\DevelopmentTool\mybatis\mybatis-generator-gui-master\target\classes\lib\mysql-connector-java-5.1.38.jar
[INFO] [14:56:41.106] [JavaFX Application Thread] [] com.zzg.mybatis.generator.util.DbUtil.getConnectionUrlWithSchema:214 --> getConnectionUrlWithSchema, connection url: jdbc:mysql://localhost:3306/ssm?useUnicode=true&useSSL=false&characterEncoding=utf8
[DEBUG] [14:56:41.114] [JavaFX Application Thread] [] org.mybatis.generator.internal.db.DatabaseIntrospector.getColumns:506 --> Retrieving column information for table "ssm.permission"
[DEBUG] [14:56:41.122] [JavaFX Application Thread] [] org.mybatis.generator.internal.db.DatabaseIntrospector.getColumns:563 --> Found column "id", data type 4, in table "ssm..permission"
[DEBUG] [14:56:41.123] [JavaFX Application Thread] [] org.mybatis.generator.internal.db.DatabaseIntrospector.getColumns:563 --> Found column "uri", data type 12, in table "ssm..permission"
[DEBUG] [14:56:41.123] [JavaFX Application Thread] [] org.mybatis.generator.internal.db.DatabaseIntrospector.getColumns:563 --> Found column "name", data type 12, in table "ssm..permission"
[DEBUG] [14:56:41.124] [JavaFX Application Thread] [] org.mybatis.generator.internal.db.DatabaseIntrospector.getColumns:563 --> Found column "c", data type -7, in table "ssm..permission"
[DEBUG] [14:56:41.125] [JavaFX Application Thread] [] org.mybatis.generator.internal.db.DatabaseIntrospector.getColumns:563 --> Found column "r", data type -7, in table "ssm..permission"
[DEBUG] [14:56:41.127] [JavaFX Application Thread] [] org.mybatis.generator.internal.db.DatabaseIntrospector.getColumns:563 --> Found column "u", data type -7, in table "ssm..permission"
[DEBUG] [14:56:41.127] [JavaFX Application Thread] [] org.mybatis.generator.internal.db.DatabaseIntrospector.getColumns:563 --> Found column "d", data type -7, in table "ssm..permission"
[INFO] [14:56:48.503] [JavaFX Application Thread] [] com.zzg.mybatis.generator.util.ConfigHelper.findConnectorLibPath:215 --> jar resource: file:/D:/DevelopmentTool/mybatis/mybatis-generator-gui-master/target/classes/logback.xml
[INFO] [14:56:48.504] [JavaFX Application Thread] [] com.zzg.mybatis.generator.bridge.MybatisGeneratorBridge.generate:66 --> connectorLibPath: D:\DevelopmentTool\mybatis\mybatis-generator-gui-master\target\classes\lib\mysql-connector-java-5.1.38.jar
[INFO] [14:56:48.505] [JavaFX Application Thread] [] com.zzg.mybatis.generator.util.DbUtil.getConnectionUrlWithSchema:214 --> getConnectionUrlWithSchema, connection url: jdbc:mysql://localhost:3306/ssm?useUnicode=true&useSSL=false&characterEncoding=utf8
[DEBUG] [14:56:48.512] [JavaFX Application Thread] [] org.mybatis.generator.internal.db.DatabaseIntrospector.getColumns:506 --> Retrieving column information for table "ssm.role"
[DEBUG] [14:56:48.518] [JavaFX Application Thread] [] org.mybatis.generator.internal.db.DatabaseIntrospector.getColumns:563 --> Found column "id", data type 4, in table "ssm..role"
[DEBUG] [14:56:48.519] [JavaFX Application Thread] [] org.mybatis.generator.internal.db.DatabaseIntrospector.getColumns:563 --> Found column "role", data type 12, in table "ssm..role"
[DEBUG] [14:56:48.520] [JavaFX Application Thread] [] org.mybatis.generator.internal.db.DatabaseIntrospector.getColumns:563 --> Found column "name", data type 12, in table "ssm..role"
[INFO] [14:59:08.660] [JavaFX Application Thread] [] com.zzg.mybatis.generator.util.ConnectionManager.getConnection:20 --> database FilePath :D:\workplace\oa\oa-system6.0\.\config\sqlite3.db
